<?xml version="1.0" encoding="UTF-8"?>
<testsuite name="info.chenliang.b.AppTest" tests="1" skipped="0" failures="0" errors="0" timestamp="2020-03-13T04:24:26" hostname="JLTM101" time="0.001">
  <properties/>
  <testcase name="testApp" classname="info.chenliang.b.AppTest" time="0.001"/>
  <system-out><![CDATA[]]></system-out>
  <system-err><![CDATA[]]></system-err>
</testsuite>
